2018-05-19 17:59:46 DEBUG headers:125 - http-outgoing-0 << Content-Type:application/json; charset=utf-8
2018-05-19 17:59:46 DEBUG MainClientExec:285 - Connection can be kept alive indefinitely
2018-05-19 17:59:46 DEBUG PoolingHttpClientConnectionManager:320 - Connection [id: 0][route: {}->http://localhost:34592] can be kept alive indefinitely
2018-05-19 17:59:46 DEBUG PoolingHttpClientConnectionManager:326 - Connection released: [id: 0][route: {}->http://localhost:34592][total kept alive: 1; route allocated: 1 of 2000; total allocated: 1 of 2000]
2018-05-19 17:59:46 DEBUG RequestAddCookies:123 - CookieSpec selected: default
2018-05-19 17:59:46 DEBUG RequestAuthCache:77 - Auth cache not set in the context
2018-05-19 17:59:46 DEBUG PoolingHttpClientConnectionManager:255 - Connection request: [route: {}->http://localhost:34592][total kept alive: 1; route allocated: 1 of 2000; total allocated: 1 of 2000]
2018-05-19 17:59:46 DEBUG PoolingHttpClientConnectionManager:288 - Connection leased: [id: 0][route: {}->http://localhost:34592][total kept alive: 0; route allocated: 1 of 2000; total allocated: 1 of 2000]
2018-05-19 17:59:46 DEBUG MainClientExec:208 - Stale connection check
2018-05-19 17:59:46 DEBUG wire:87 - http-outgoing-0 << "[read] I/O error: Read timed out"
2018-05-19 17:59:46 DEBUG DefaultManagedHttpClientConnection:88 - http-outgoing-0: set socket timeout to 10800000
2018-05-19 17:59:46 DEBUG MainClientExec:256 - Executing request GET /session/4e5ee94b226bef328b34aea52229203b/element/0.15097231075220097-2/displayed HTTP/1.1
2018-05-19 17:59:46 DEBUG MainClientExec:261 - Target auth state: UNCHALLENGED
2018-05-19 17:59:46 DEBUG MainClientExec:267 - Proxy auth state: UNCHALLENGED
2018-05-19 17:59:46 DEBUG headers:133 - http-outgoing-0 >> GET /session/4e5ee94b226bef328b34aea52229203b/element/0.15097231075220097-2/displayed HTTP/1.1
2018-05-19 17:59:46 DEBUG headers:136 - http-outgoing-0 >> Cache-Control: no-cache
2018-05-19 17:59:46 DEBUG headers:136 - http-outgoing-0 >> Host: localhost:34592
2018-05-19 17:59:46 DEBUG headers:136 - http-outgoing-0 >> Connection: Keep-Alive
2018-05-19 17:59:46 DEBUG headers:136 - http-outgoing-0 >> User-Agent: Apache-HttpClient/4.5.3 (Java/9.0.4)
2018-05-19 17:59:46 DEBUG headers:136 - http-outgoing-0 >> Accept-Encoding: gzip,deflate
2018-05-19 17:59:46 DEBUG wire:73 - http-outgoing-0 >> "GET /session/4e5ee94b226bef328b34aea52229203b/element/0.15097231075220097-2/displayed HTTP/1.1[\r][\n]"
2018-05-19 17:59:46 DEBUG wire:73 - http-outgoing-0 >> "Cache-Control: no-cache[\r][\n]"
2018-05-19 17:59:46 DEBUG wire:73 - http-outgoing-0 >> "Host: localhost:34592[\r][\n]"
2018-05-19 17:59:46 DEBUG wire:73 - http-outgoing-0 >> "Connection: Keep-Alive[\r][\n]"
2018-05-19 17:59:46 DEBUG wire:73 - http-outgoing-0 >> "User-Agent: Apache-HttpClient/4.5.3 (Java/9.0.4)[\r][\n]"
2018-05-19 17:59:46 DEBUG wire:73 - http-outgoing-0 >> "Accept-Encoding: gzip,deflate[\r][\n]"
2018-05-19 17:59:46 DEBUG wire:73 - http-outgoing-0 >> "[\r][\n]"
2018-05-19 17:59:46 DEBUG wire:73 - http-outgoing-0 << "HTTP/1.1 200 OK[\r][\n]"
2018-05-19 17:59:46 DEBUG wire:73 - http-outgoing-0 << "Content-Length:72[\r][\n]"
2018-05-19 17:59:46 DEBUG wire:73 - http-outgoing-0 << "Content-Type:application/json; charset=utf-8[\r][\n]"
2018-05-19 17:59:46 DEBUG wire:73 - http-outgoing-0 << "[\r][\n]"
2018-05-19 17:59:46 DEBUG wire:87 - http-outgoing-0 << "{"sessionId":"4e5ee94b226bef328b34aea52229203b","status":0,"value":true}"
2018-05-19 17:59:46 DEBUG headers:122 - http-outgoing-0 << HTTP/1.1 200 OK
2018-05-19 17:59:46 DEBUG headers:125 - http-outgoing-0 << Content-Length:72
2018-05-19 17:59:46 DEBUG headers:125 - http-outgoing-0 << Content-Type:application/json; charset=utf-8
2018-05-19 17:59:46 DEBUG MainClientExec:285 - Connection can be kept alive indefinitely
2018-05-19 17:59:46 DEBUG PoolingHttpClientConnectionManager:320 - Connection [id: 0][route: {}->http://localhost:34592] can be kept alive indefinitely
2018-05-19 17:59:46 DEBUG PoolingHttpClientConnectionManager:326 - Connection released: [id: 0][route: {}->http://localhost:34592][total kept alive: 1; route allocated: 1 of 2000; total allocated: 1 of 2000]
2018-05-19 17:59:46 DEBUG RequestAddCookies:123 - CookieSpec selected: default
2018-05-19 17:59:46 DEBUG RequestAuthCache:77 - Auth cache not set in the context
2018-05-19 17:59:46 DEBUG PoolingHttpClientConnectionManager:255 - Connection request: [route: {}->http://localhost:34592][total kept alive: 1; route allocated: 1 of 2000; total allocated: 1 of 2000]
2018-05-19 17:59:46 DEBUG PoolingHttpClientConnectionManager:288 - Connection leased: [id: 0][route: {}->http://localhost:34592][total kept alive: 0; route allocated: 1 of 2000; total allocated: 1 of 2000]
2018-05-19 17:59:46 DEBUG MainClientExec:208 - Stale connection check
2018-05-19 17:59:46 DEBUG wire:87 - http-outgoing-0 << "[read] I/O error: Read timed out"
2018-05-19 17:59:46 DEBUG DefaultManagedHttpClientConnection:88 - http-outgoing-0: set socket timeout to 10800000
2018-05-19 17:59:46 DEBUG MainClientExec:256 - Executing request POST /session/4e5ee94b226bef328b34aea52229203b/element HTTP/1.1
2018-05-19 17:59:46 DEBUG MainClientExec:261 - Target auth state: UNCHALLENGED
2018-05-19 17:59:46 DEBUG MainClientExec:267 - Proxy auth state: UNCHALLENGED
2018-05-19 17:59:46 DEBUG headers:133 - http-outgoing-0 >> POST /session/4e5ee94b226bef328b34aea52229203b/element HTTP/1.1
2018-05-19 17:59:46 DEBUG headers:136 - http-outgoing-0 >> Content-Type: application/json; charset=utf-8
2018-05-19 17:59:46 DEBUG headers:136 - http-outgoing-0 >> Content-Length: 56
2018-05-19 17:59:46 DEBUG headers:136 - http-outgoing-0 >> Host: localhost:34592
2018-05-19 17:59:46 DEBUG headers:136 - http-outgoing-0 >> Connection: Keep-Alive
2018-05-19 17:59:46 DEBUG headers:136 - http-outgoing-0 >> User-Agent: Apache-HttpClient/4.5.3 (Java/9.0.4)
2018-05-19 17:59:46 DEBUG headers:136 - http-outgoing-0 >> Accept-Encoding: gzip,deflate
2018-05-19 17:59:46 DEBUG wire:73 - http-outgoing-0 >> "POST /session/4e5ee94b226bef328b34aea52229203b/element HTTP/1.1[\r][\n]"
2018-05-19 17:59:46 DEBUG wire:73 - http-outgoing-0 >> "Content-Type: application/json; charset=utf-8[\r][\n]"
2018-05-19 17:59:46 DEBUG wire:73 - http-outgoing-0 >> "Content-Length: 56[\r][\n]"
2018-05-19 17:59:46 DEBUG wire:73 - http-outgoing-0 >> "Host: localhost:34592[\r][\n]"
2018-05-19 17:59:46 DEBUG wire:73 - http-outgoing-0 >> "Connection: Keep-Alive[\r][\n]"
2018-05-19 17:59:46 DEBUG wire:73 - http-outgoing-0 >> "User-Agent: Apache-HttpClient/4.5.3 (Java/9.0.4)[\r][\n]"
2018-05-19 17:59:46 DEBUG wire:73 - http-outgoing-0 >> "Accept-Encoding: gzip,deflate[\r][\n]"
2018-05-19 17:59:46 DEBUG wire:73 - http-outgoing-0 >> "[\r][\n]"
2018-05-19 17:59:46 DEBUG wire:87 - http-outgoing-0 >> "{"using":"xpath","value":"//span[@class='open_upload']"}"
2018-05-19 17:59:46 DEBUG wire:73 - http-outgoing-0 << "HTTP/1.1 200 OK[\r][\n]"
2018-05-19 17:59:46 DEBUG wire:73 - http-outgoing-0 << "Content-Length:103[\r][\n]"
2018-05-19 17:59:46 DEBUG wire:73 - http-outgoing-0 << "Content-Type:application/json; charset=utf-8[\r][\n]"
2018-05-19 17:59:46 DEBUG wire:73 - http-outgoing-0 << "[\r][\n]"
2018-05-19 17:59:46 DEBUG wire:87 - http-outgoing-0 << "{"sessionId":"4e5ee94b226bef328b34aea52229203b","status":0,"value":{"ELEMENT":"0.15097231075220097-3"}}"
2018-05-19 17:59:46 DEBUG headers:122 - http-outgoing-0 << HTTP/1.1 200 OK
2018-05-19 17:59:46 DEBUG headers:125 - http-outgoing-0 << Content-Length:103
2018-05-19 17:59:46 DEBUG headers:125 - http-outgoing-0 << Content-Type:application/json; charset=utf-8
2018-05-19 17:59:46 DEBUG MainClientExec:285 - Connection can be kept alive indefinitely
2018-05-19 17:59:46 DEBUG PoolingHttpClientConnectionManager:320 - Connection [id: 0][route: {}->http://localhost:34592] can be kept alive indefinitely
2018-05-19 17:59:46 DEBUG PoolingHttpClientConnectionManager:326 - Connection released: [id: 0][route: {}->http://localhost:34592][total kept alive: 1; route allocated: 1 of 2000; total allocated: 1 of 2000]
2018-05-19 17:59:46 DEBUG RequestAddCookies:123 - CookieSpec selected: default
2018-05-19 17:59:46 DEBUG RequestAuthCache:77 - Auth cache not set in the context
2018-05-19 17:59:46 DEBUG PoolingHttpClientConnectionManager:255 - Connection request: [route: {}->http://localhost:34592][total kept alive: 1; route allocated: 1 of 2000; total allocated: 1 of 2000]
2018-05-19 17:59:46 DEBUG PoolingHttpClientConnectionManager:288 - Connection leased: [id: 0][route: {}->http://localhost:34592][total kept alive: 0; route allocated: 1 of 2000; total allocated: 1 of 2000]
2018-05-19 17:59:46 DEBUG MainClientExec:208 - Stale connection check
2018-05-19 17:59:46 DEBUG wire:87 - http-outgoing-0 << "[read] I/O error: Read timed out"
2018-05-19 17:59:46 DEBUG DefaultManagedHttpClientConnection:88 - http-outgoing-0: set socket timeout to 10800000
2018-05-19 17:59:46 DEBUG MainClientExec:256 - Executing request POST /session/4e5ee94b226bef328b34aea52229203b/element/0.15097231075220097-3/click HTTP/1.1
2018-05-19 17:59:46 DEBUG MainClientExec:261 - Target auth state: UNCHALLENGED
2018-05-19 17:59:46 DEBUG MainClientExec:267 - Proxy auth state: UNCHALLENGED
2018-05-19 17:59:46 DEBUG headers:133 - http-outgoing-0 >> POST /session/4e5ee94b226bef328b34aea52229203b/element/0.15097231075220097-3/click HTTP/1.1
2018-05-19 17:59:46 DEBUG headers:136 - http-outgoing-0 >> Content-Type: application/json; charset=utf-8
2018-05-19 17:59:46 DEBUG headers:136 - http-outgoing-0 >> Content-Length: 30
2018-05-19 17:59:46 DEBUG headers:136 - http-outgoing-0 >> Host: localhost:34592
2018-05-19 17:59:46 DEBUG headers:136 - http-outgoing-0 >> Connection: Keep-Alive
2018-05-19 17:59:46 DEBUG headers:136 - http-outgoing-0 >> User-Agent: Apache-HttpClient/4.5.3 (Java/9.0.4)
2018-05-19 17:59:46 DEBUG headers:136 - http-outgoing-0 >> Accept-Encoding: gzip,deflate
2018-05-19 17:59:46 DEBUG wire:73 - http-outgoing-0 >> "POST /session/4e5ee94b226bef328b34aea52229203b/element/0.15097231075220097-3/click HTTP/1.1[\r][\n]"
2018-05-19 17:59:46 DEBUG wire:73 - http-outgoing-0 >> "Content-Type: application/json; charset=utf-8[\r][\n]"
2018-05-19 17:59:46 DEBUG wire:73 - http-outgoing-0 >> "Content-Length: 30[\r][\n]"
2018-05-19 17:59:46 DEBUG wire:73 - http-outgoing-0 >> "Host: localhost:34592[\r][\n]"
2018-05-19 17:59:46 DEBUG wire:73 - http-outgoing-0 >> "Connection: Keep-Alive[\r][\n]"
2018-05-19 17:59:46 DEBUG wire:73 - http-outgoing-0 >> "User-Agent: Apache-HttpClient/4.5.3 (Java/9.0.4)[\r][\n]"
2018-05-19 17:59:46 DEBUG wire:73 - http-outgoing-0 >> "Accept-Encoding: gzip,deflate[\r][\n]"
2018-05-19 17:59:46 DEBUG wire:73 - http-outgoing-0 >> "[\r][\n]"
2018-05-19 17:59:46 DEBUG wire:87 - http-outgoing-0 >> "{"id":"0.15097231075220097-3"}"
2018-05-19 17:59:47 DEBUG wire:73 - http-outgoing-0 << "HTTP/1.1 200 OK[\r][\n]"
2018-05-19 17:59:47 DEBUG wire:73 - http-outgoing-0 << "Content-Length:72[\r][\n]"
2018-05-19 17:59:47 DEBUG wire:73 - http-outgoing-0 << "Content-Type:application/json; charset=utf-8[\r][\n]"
2018-05-19 17:59:47 DEBUG wire:73 - http-outgoing-0 << "[\r][\n]"
2018-05-19 17:59:47 DEBUG wire:87 - http-outgoing-0 << "{"sessionId":"4e5ee94b226bef328b34aea52229203b","status":0,"value":null}"
2018-05-19 17:59:47 DEBUG headers:122 - http-outgoing-0 << HTTP/1.1 200 OK
2018-05-19 17:59:47 DEBUG headers:125 - http-outgoing-0 << Content-Length:72
2018-05-19 17:59:47 DEBUG headers:125 - http-outgoing-0 << Content-Type:application/json; charset=utf-8
2018-05-19 17:59:47 DEBUG MainClientExec:285 - Connection can be kept alive indefinitely
2018-05-19 17:59:47 DEBUG PoolingHttpClientConnectionManager:320 - Connection [id: 0][route: {}->http://localhost:34592] can be kept alive indefinitely
2018-05-19 17:59:47 DEBUG PoolingHttpClientConnectionManager:326 - Connection released: [id: 0][route: {}->http://localhost:34592][total kept alive: 1; route allocated: 1 of 2000; total allocated: 1 of 2000]
